#
# A fatal error has been detected by the Java Runtime Environment:
#
#  EXCEPTION_ACCESS_VIOLATION (0xc0000005) at pc=0x000000006b1cf3e9, pid=7056, tid=6128
#
# JRE version: 7.0_03-b05
# Java VM: Java HotSpot(TM) 64-Bit Server VM (22.1-b02 mixed mode windows-amd64 compressed oops)
# Problematic frame:
# V  [jvm.dll+0xef3e9]
#
# Failed to write core dump. Minidumps are not enabled by default on client versions of Windows
#
# If you would like to submit a bug report, please visit:
#   http://bugreport.sun.com/bugreport/crash.jsp
#

---------------  T H R E A D  ---------------

Current thread (0x0000000001c2c000):  JavaThread "main" [_thread_in_vm, id=6128, stack(0x0000000002680000,0x0000000002780000)]

siginfo: ExceptionCode=0xc0000005, reading address 0x0000000000000000

Registers:
RAX=0x0000000000000000, RBX=0x0000000001c2c000, RCX=0x0000000000000c00, RDX=0x0000000000000000
RSP=0x000000000277e540, RBP=0x000000000008f708, RSI=0x0000000000000000, RDI=0x0000000000000000
R8 =0x0000000000000000, R9 =0x00000000ec05bca0, R10=0x0000000000000000, R11=0x000000006b74e0f0
R12=0x000000000277e6c0, R13=0x00000000be46e898, R14=0x000000000277e6c0, R15=0x0000000001c2c000
RIP=0x000000006b1cf3e9, EFLAGS=0x0000000000010246

Top of Stack: (sp=0x000000000277e540)
0x000000000277e540:   00000000be002148 0000000001c2c000
0x000000000277e550:   00001f082b820939 0000000069341599
0x000000000277e560:   0000000001c2c000 0000000000000000
0x000000000277e570:   0000000001c27df0 000000006b5124df
0x000000000277e580:   00000000be46e898 000000000277e6c0
0x000000000277e590:   0000000000000000 0000000069342090
0x000000000277e5a0:   0000000001c2c1d0 000000000008f708
0x000000000277e5b0:   00000000be4d5d18 000000000277e5f8
0x000000000277e5c0:   00000000be4c1ee8 0000000000000000
0x000000000277e5d0:   00000000be4bac48 0000000000000000
0x000000000277e5e0:   00000000be46e8a0 00000000be4d5d18
0x000000000277e5f0:   0000000000000000 000000000277e698
0x000000000277e600:   0000000000000000 0000000002842be4
0x000000000277e610:   000000000277e658 00000000be4d7d98
0x000000000277e620:   0000000000000000 00000000be4d0400
0x000000000277e630:   0000000000000000 000000000277e650 

Instructions: (pc=0x000000006b1cf3e9)
0x000000006b1cf3c9:   00 48 83 7b 08 00 48 89 5c 24 20 48 c7 44 24 28
0x000000006b1cf3d9:   00 00 00 00 74 0a 48 8d 4c 24 20 e8 97 1c 10 00
0x000000006b1cf3e9:   48 8b 36 48 8b ce e8 6c 82 f4 ff 4c 63 e0 49 8d
0x000000006b1cf3f9:   4c 24 01 e8 af d6 0b 00 48 8b e8 48 85 c0 75 20 


Register to memory mapping:

RAX=0x0000000000000000 is an unknown value
RBX=0x0000000001c2c000 is a thread
RCX=0x0000000000000c00 is an unknown value
RDX=0x0000000000000000 is an unknown value
RSP=0x000000000277e540 is pointing into the stack for thread: 0x0000000001c2c000
RBP=0x000000000008f708 is an unknown value
RSI=0x0000000000000000 is an unknown value
RDI=0x0000000000000000 is an unknown value
R8 =0x0000000000000000 is an unknown value
R9 =0x00000000ec05bca0 is an oop
org.sqlite.NativeDB 
 - klass: 'org/sqlite/NativeDB'
R10=0x0000000000000000 is an unknown value
R11=0x000000006b74e0f0 is an unknown value
R12=0x000000000277e6c0 is pointing into the stack for thread: 0x0000000001c2c000
R13=0x00000000be46e898 is an oop
{constMethod} 
 - klass: {other class}
 - method:       0x00000000be46e8a0 {method} 'prepare' '(Ljava/lang/String;)J' in 'org/sqlite/NativeDB'
 - exceptions:   0x00000000be001d40
R14=0x000000000277e6c0 is pointing into the stack for thread: 0x0000000001c2c000
R15=0x0000000001c2c000 is a thread


Stack: [0x0000000002680000,0x0000000002780000],  sp=0x000000000277e540,  free space=1017k
Native frames: (J=compiled Java code, j=interpreted, Vv=VM code, C=native code)
V  [jvm.dll+0xef3e9]

Java frames: (J=compiled Java code, j=interpreted, Vv=VM code)
j  org.sqlite.NativeDB.prepare(Ljava/lang/String;)J+0
j  org.sqlite.DB.prepare(Lorg/sqlite/Stmt;)V+21
j  org.sqlite.Stmt.executeQuery(Ljava/lang/String;)Ljava/sql/ResultSet;+14
j  part2.SQLiteRunner.getSQLResult(Ljava/lang/String;Ljava/lang/String;)Ljava/lang/String;+51
j  part2b.MovieVectorBuilderTest.testGenerateSQL()V+300
v  ~StubRoutines::call_stub
j  sun.reflect.NativeMethodAccessorImpl.invoke0(Ljava/lang/reflect/Method;Ljava/lang/Object;[Ljava/lang/Object;)Ljava/lang/Object;+0
j  sun.reflect.NativeMethodAccessorImpl.invoke(Ljava/lang/Object;[Ljava/lang/Object;)Ljava/lang/Object;+87
j  sun.reflect.DelegatingMethodAccessorImpl.invoke(Ljava/lang/Object;[Ljava/lang/Object;)Ljava/lang/Object;+6
j  java.lang.reflect.Method.invoke(Ljava/lang/Object;[Ljava/lang/Object;)Ljava/lang/Object;+57
j  org.junit.runners.model.FrameworkMethod$1.runReflectiveCall()Ljava/lang/Object;+15
j  org.junit.internal.runners.model.ReflectiveCallable.run()Ljava/lang/Object;+1
j  org.junit.runners.model.FrameworkMethod.invokeExplosively(Ljava/lang/Object;[Ljava/lang/Object;)Ljava/lang/Object;+10
j  org.junit.internal.runners.statements.InvokeMethod.evaluate()V+12
j  org.junit.runners.ParentRunner.runLeaf(Lorg/junit/runners/model/Statement;Lorg/junit/runner/Description;Lorg/junit/runner/notification/RunNotifier;)V+17
j  org.junit.runners.BlockJUnit4ClassRunner.runChild(Lorg/junit/runners/model/FrameworkMethod;Lorg/junit/runner/notification/RunNotifier;)V+32
j  org.junit.runners.BlockJUnit4ClassRunner.runChild(Ljava/lang/Object;Lorg/junit/runner/notification/RunNotifier;)V+6
j  org.junit.runners.ParentRunner$3.run()V+12
j  org.junit.runners.ParentRunner$1.schedule(Ljava/lang/Runnable;)V+1
j  org.junit.runners.ParentRunner.runChildren(Lorg/junit/runner/notification/RunNotifier;)V+40
j  org.junit.runners.ParentRunner.access$000(Lorg/junit/runners/ParentRunner;Lorg/junit/runner/notification/RunNotifier;)V+2
j  org.junit.runners.ParentRunner$2.evaluate()V+8
j  org.junit.runners.ParentRunner.run(Lorg/junit/runner/notification/RunNotifier;)V+20
j  org.eclipse.jdt.internal.junit4.runner.JUnit4TestReference.run(Lorg/eclipse/jdt/internal/junit/runner/TestExecution;)V+72
j  org.eclipse.jdt.internal.junit.runner.TestExecution.run([Lorg/eclipse/jdt/internal/junit/runner/ITestReference;)V+17
j  org.eclipse.jdt.internal.junit.runner.RemoteTestRunner.runTests([Ljava/lang/String;Ljava/lang/String;Lorg/eclipse/jdt/internal/junit/runner/TestExecution;)V+61
j  org.eclipse.jdt.internal.junit.runner.RemoteTestRunner.runTests(Lorg/eclipse/jdt/internal/junit/runner/TestExecution;)V+10
j  org.eclipse.jdt.internal.junit.runner.RemoteTestRunner.run()V+70
j  org.eclipse.jdt.internal.junit.runner.RemoteTestRunner.main([Ljava/lang/String;)V+14
v  ~StubRoutines::call_stub

---------------  P R O C E S S  ---------------

Java Threads: ( => current thread )
  0x00000000064df000 JavaThread "ReaderThread" [_thread_in_native, id=6748, stack(0x0000000007e80000,0x0000000007f80000)]
  0x00000000064a0800 JavaThread "Service Thread" daemon [_thread_blocked, id=7112, stack(0x0000000007690000,0x0000000007790000)]
  0x000000000649f800 JavaThread "C2 CompilerThread1" daemon [_thread_blocked, id=5952, stack(0x0000000007470000,0x0000000007570000)]
  0x0000000006496000 JavaThread "C2 CompilerThread0" daemon [_thread_blocked, id=6368, stack(0x00000000072f0000,0x00000000073f0000)]
  0x0000000006493000 JavaThread "Attach Listener" daemon [_thread_blocked, id=5144, stack(0x0000000007100000,0x0000000007200000)]
  0x000000000648e000 JavaThread "Signal Dispatcher" daemon [_thread_blocked, id=6332, stack(0x0000000006ef0000,0x0000000006ff0000)]
  0x0000000002652000 JavaThread "Finalizer" daemon [_thread_blocked, id=2392, stack(0x0000000006d50000,0x0000000006e50000)]
  0x000000000264d800 JavaThread "Reference Handler" daemon [_thread_blocked, id=1672, stack(0x0000000006c50000,0x0000000006d50000)]
=>0x0000000001c2c000 JavaThread "main" [_thread_in_vm, id=6128, stack(0x0000000002680000,0x0000000002780000)]

Other Threads:
  0x0000000002649800 VMThread [stack: 0x0000000006a10000,0x0000000006b10000] [id=6660]
  0x00000000064ac800 WatcherThread [stack: 0x0000000007570000,0x0000000007670000] [id=5988]

VM state:not at safepoint (normal execution)

VM Mutex/Monitor currently owned by a thread: None

Heap
 PSYoungGen      total 18176K, used 5332K [0x00000000ebb60000, 0x00000000ecfa0000, 0x0000000100000000)
  eden space 15616K, 34% used [0x00000000ebb60000,0x00000000ec095130,0x00000000ecaa0000)
  from space 2560K, 0% used [0x00000000ecd20000,0x00000000ecd20000,0x00000000ecfa0000)
  to   space 2560K, 0% used [0x00000000ecaa0000,0x00000000ecaa0000,0x00000000ecd20000)
 PSOldGen        total 41536K, used 0K [0x00000000c3200000, 0x00000000c5a90000, 0x00000000ebb60000)
  object space 41536K, 0% used [0x00000000c3200000,0x00000000c3200000,0x00000000c5a90000)
 PSPermGen       total 21248K, used 4993K [0x00000000be000000, 0x00000000bf4c0000, 0x00000000c3200000)
  object space 21248K, 23% used [0x00000000be000000,0x00000000be4e0540,0x00000000bf4c0000)

Code Cache  [0x0000000002830000, 0x0000000002aa0000, 0x0000000005830000)
 total_blobs=266 nmethods=42 adapters=177 free_code_cache=48672Kb largest_free_block=49818432

Dynamic libraries:
0x000000013f8f0000 - 0x000000013f923000 	C:\Program Files\Java\jre7\bin\javaw.exe
0x0000000076f90000 - 0x0000000077139000 	C:\Windows\SYSTEM32\ntdll.dll
0x0000000076d70000 - 0x0000000076e8f000 	C:\Windows\system32\kernel32.dll
0x000007fefd610000 - 0x000007fefd67c000 	C:\Windows\system32\KERNELBASE.dll
0x000007fefd860000 - 0x000007fefd93b000 	C:\Windows\system32\ADVAPI32.dll
0x000007fefecb0000 - 0x000007fefed4f000 	C:\Windows\system32\msvcrt.dll
0x000007fefdb50000 - 0x000007fefdb6f000 	C:\Windows\SYSTEM32\sechost.dll
0x000007feff140000 - 0x000007feff26d000 	C:\Windows\system32\RPCRT4.dll
0x0000000076e90000 - 0x0000000076f8a000 	C:\Windows\system32\USER32.dll
0x000007fefd7f0000 - 0x000007fefd857000 	C:\Windows\system32\GDI32.dll
0x000007feff290000 - 0x000007feff29e000 	C:\Windows\system32\LPK.dll
0x000007fefedb0000 - 0x000007fefee79000 	C:\Windows\system32\USP10.dll
0x000007fefbb50000 - 0x000007fefbd44000 	C:\Windows\WinSxS\amd64_microsoft.windows.common-controls_6595b64144ccf1df_6.0.7601.17514_none_fa396087175ac9ac\COMCTL32.dll
0x000007fefdad0000 - 0x000007fefdb41000 	C:\Windows\system32\SHLWAPI.dll
0x000007fefd7c0000 - 0x000007fefd7ee000 	C:\Windows\system32\IMM32.DLL
0x000007fefeba0000 - 0x000007fefeca9000 	C:\Windows\system32\MSCTF.dll
0x000007fefd3b0000 - 0x000007fefd3ec000 	C:\Windows\system32\nvinitx.dll
0x000000006b7c0000 - 0x000000006b891000 	C:\Program Files\Java\jre7\bin\msvcr100.dll
0x000000006b0e0000 - 0x000000006b7ba000 	C:\Program Files\Java\jre7\bin\server\jvm.dll
0x000007fef9d00000 - 0x000007fef9d09000 	C:\Windows\system32\WSOCK32.dll
0x000007fefda80000 - 0x000007fefdacd000 	C:\Windows\system32\WS2_32.dll
0x000007fefde00000 - 0x000007fefde08000 	C:\Windows\system32\NSI.dll
0x000007fefad10000 - 0x000007fefad4b000 	C:\Windows\system32\WINMM.dll
0x0000000077150000 - 0x0000000077157000 	C:\Windows\system32\PSAPI.DLL
0x00000000742b0000 - 0x00000000742bf000 	C:\Program Files\Java\jre7\bin\verify.dll
0x00000000707f0000 - 0x0000000070818000 	C:\Program Files\Java\jre7\bin\java.dll
0x0000000070830000 - 0x0000000070845000 	C:\Program Files\Java\jre7\bin\zip.dll
0x000000006ec50000 - 0x000000006ec69000 	C:\Program Files\Java\jre7\bin\net.dll
0x000007fefcc20000 - 0x000007fefcc75000 	C:\Windows\system32\mswsock.dll
0x000007fefcc10000 - 0x000007fefcc17000 	C:\Windows\System32\wship6.dll
0x0000000069340000 - 0x00000000693c5000 	C:\Users\Huayi\AppData\Local\Temp\sqlite-3.7.2-sqlitejdbc.dll

VM Arguments:
jvm_args: -Dfile.encoding=GBK 
java_command: org.eclipse.jdt.internal.junit.runner.RemoteTestRunner -version 3 -port 49579 -testLoaderClass org.eclipse.jdt.internal.junit4.runner.JUnit4TestLoader -loaderpluginname org.eclipse.jdt.junit4.runtime -classNames part2b.MovieVectorBuilderTest
Launcher Type: SUN_STANDARD

Environment Variables:
JAVA_HOME=C:\Program Files\Java\jdk1.7.0_03
CLASSPATH=.;C:\Program Files\Java\jdk1.7.0_03\jre\lib\rt.jar;C:\Program Files\Java\jdk1.7.0_03\lib\tools.jar;C:\Program Files\Java\jdk1.7.0_03\lib;
PATH=C:\Windows\system32;C:\Windows;C:\Windows\System32\Wbem;C:\Windows\System32\WindowsPowerShell\v1.0\;C:\Program Files\Intel\WiFi\bin\;C:\Program Files\Common Files\Intel\WirelessCommon\;C:\Program Files (x86)\PharosSystems\Core;C:\Program Files (x86)\Common Files\Thunder Network\KanKan\Codecs;D:\MATLAB\R2010a\runtime\win64;D:\MATLAB\R2010a\bin;C:\Program Files\TortoiseHg\;D:\CTEX\UserData\miktex\bin;D:\CTEX\MiKTeX\miktex\bin;D:\CTEX\CTeX\ctex\bin;D:\CTEX\CTeX\cct\bin;D:\CTEX\CTeX\ty\bin;D:\CTEX\Ghostscript\gs9.04\bin;D:\CTEX\GSview\gsview;D:\CTEX\WinEdt;F:\TortoiseSVN\bin;C:\Program Files (x86)\Microsoft SQL Server\90\Tools\binn\;C:\Program Files\Intel\WiFi\bin\;C:\Program Files\Common Files\Intel\WirelessCommon\;C:\Program Files\Java\jdk1.7.0_03\bin;C:\Program Files (x86)\SSH Communications Security\SSH Secure Shell;C:\Program Files\Mercurial;F:\VisualSVN Server\bin;C:\Program Files\TortoiseHg;F:\TortoiseSVN\bin;F:\Python27;F:\Python27\Scripts;D:\CPPProjects\DDLProject\Debug;C:\Program Files\Java\jdk1.7.0_03\bin;c:\Program Files\Saxonica\SaxonHE9.4N\bin;c:\Program Files\Saxonica\SaxonHE9.4N\bin;c:\Program Files\Saxonica\SaxonHE9.4N\bin
USERNAME=Huayi
OS=Windows_NT
PROCESSOR_IDENTIFIER=Intel64 Family 6 Model 37 Stepping 5, GenuineIntel



---------------  S Y S T E M  ---------------

OS: Windows 7 , 64 bit Build 7601 Service Pack 1

CPU:total 4 (2 cores per cpu, 2 threads per core) family 6 model 37 stepping 5, cmov, cx8, fxsr, mmx, sse, sse2, sse3, ssse3, sse4.1, sse4.2, popcnt, ht

Memory: 4k page, physical 3985068k(2034020k free), swap 7968284k(5573268k free)

vm_info: Java HotSpot(TM) 64-Bit Server VM (22.1-b02) for windows-amd64 JRE (1.7.0_03-b05), built on Feb  3 2012 20:43:56 by "java_re" with unknown MS VC++:1600

time: Fri Apr 20 10:18:55 2012
elapsed time: 0 seconds

